[GIN] 2018/10/23 - 21:30:12 | 200 |            0s |             ::1 | GET      /video/name?video-id=lol.mp4
[GIN] 2018/10/23 - 21:30:53 | 200 |   41.2285489s |             ::1 | GET      /video/name?video-id=lol.mp4
[GIN] 2018/10/23 - 21:30:59 | 200 |     165.555ms |             ::1 | GET      /video/name?video-id=lol.mp4
[GIN] 2018/10/23 - 21:31:06 | 200 |    7.0547897s |             ::1 | GET      /video/name?video-id=lol.mp4
[GIN] 2018/10/23 - 21:31:06 | 200 |     59.8389ms |             ::1 | GET      /video/name?video-id=lol.mp4
[GIN] 2018/10/23 - 21:31:12 | 200 |    5.6732519s |             ::1 | GET      /video/name?video-id=lol.mp4
[GIN] 2018/10/23 - 21:31:20 | 200 |    118.7068ms |             ::1 | GET      /video/name?video-id=lol.mp4
[GIN] 2018/10/23 - 21:31:31 | 200 |    120.6909ms |             ::1 | GET      /video/name?video-id=lol.mp4
[GIN] 2018/10/23 - 21:31:35 | 200 |            0s |             ::1 | GET      /video/name?video-id=lol.mp4
[GIN] 2018/10/23 - 21:31:39 | 200 |    104.7201ms |             ::1 | GET      /video/name?video-id=lol.mp4
[GIN] 2018/10/23 - 21:31:40 | 200 |    1.3517727s |             ::1 | GET      /video/name?video-id=lol.mp4
[GIN] 2018/10/23 - 21:32:49 | 200 |    121.6744ms |             ::1 | GET      /video/name?video-id=lol.mp4
[GIN] 2018/10/23 - 21:32:52 | 200 |            0s |             ::1 | GET      /video/name?video-id=lol.mp4
[GIN] 2018/10/23 - 21:32:57 | 200 |    7.1220583s |             ::1 | GET      /video/name?video-id=lol.mp4
[GIN] 2018/10/23 - 21:33:06 | 200 | 1m46.5106101s |             ::1 | GET      /video/name?video-id=lol.mp4
[GIN] 2018/10/23 - 21:33:06 | 200 |    193.3065ms |             ::1 | GET      /video/name?video-id=lol.mp4
[GIN] 2018/10/23 - 21:33:09 | 200 |    130.4112ms |             ::1 | GET      /video/name?video-id=lol.mp4
[GIN] 2018/10/23 - 21:33:11 | 200 |    108.3444ms |             ::1 | GET      /video/name?video-id=lol.mp4
[GIN] 2018/10/23 - 21:33:14 | 200 |            0s |             ::1 | GET      /video/name?video-id=lol.mp4
[GIN] 2018/10/23 - 21:33:16 | 200 |    116.6871ms |             ::1 | GET      /video/name?video-id=lol.mp4
[GIN] 2018/10/23 - 21:33:33 | 200 |   2m1.850557s |             ::1 | GET      /video/name?video-id=lol.mp4
[GIN] 2018/10/23 - 21:33:33 | 200 |    143.5941ms |             ::1 | GET      /video/name?video-id=lol.mp4
[GIN] 2018/10/23 - 21:33:34 | 200 |   27.4262942s |             ::1 | GET      /video/name?video-id=lol.mp4
[GIN] 2018/10/23 - 21:33:34 | 200 |   24.7700709s |             ::1 | GET      /video/name?video-id=lol.mp4
[GIN] 2018/10/23 - 21:33:39 | 200 |    27.599341s |             ::1 | GET      /video/name?video-id=lol.mp4
[GIN] 2018/10/23 - 21:33:39 | 200 |   23.4010295s |             ::1 | GET      /video/name?video-id=lol.mp4
[GIN] 2018/10/23 - 21:33:41 | 200 |    2.3348584s |             ::1 | GET      /video/name?video-id=lol.mp4
[GIN] 2018/10/23 - 21:33:42 | 200 |    175.7328ms |             ::1 | GET      /video/name?video-id=lol.mp4
[GIN] 2018/10/23 - 21:33:44 | 200 |    113.7222ms |             ::1 | GET      /video/name?video-id=lol.mp4
[GIN] 2018/10/23 - 21:33:46 | 200 |    122.6699ms |             ::1 | GET      /video/name?video-id=lol.mp4
[GIN] 2018/10/23 - 21:35:44 | 200 | 2m10.5774248s |             ::1 | GET      /video/name?video-id=lol.mp4
[GIN] 2018/10/23 - 21:35:44 | 200 |    106.2975ms |             ::1 | GET      /video/name?video-id=lol.mp4
[GIN] 2018/10/23 - 21:35:44 | 200 |     94.7482ms |             ::1 | GET      /video/name?video-id=lol.mp4
[GIN] 2018/10/23 - 21:35:44 | 200 |    104.7201ms |             ::1 | GET      /video/name?video-id=lol.mp4
[GIN] 2018/10/23 - 21:35:46 | 200 |  2m6.6491495s |             ::1 | GET      /video/name?video-id=lol.mp4
[GIN] 2018/10/23 - 21:35:47 | 200 |  2m5.7018327s |             ::1 | GET      /video/name?video-id=lol.mp4
[GIN] 2018/10/23 - 21:35:49 | 200 |  2m4.9226368s |             ::1 | GET      /video/name?video-id=lol.mp4
[GIN] 2018/10/23 - 21:36:06 | 200 |    112.6988ms |             ::1 | GET      /video/name?video-id=lol.mp4
[GIN] 2018/10/23 - 21:37:47 | 200 |  4m0.9045889s |             ::1 | GET      /video/name?video-id=lol.mp4
[GIN] 2018/10/23 - 21:37:47 | 200 |    157.5788ms |             ::1 | GET      /video/name?video-id=lol.mp4
[GIN] 2018/10/23 - 21:37:47 | 200 |  2m2.8993366s |             ::1 | GET      /video/name?video-id=lol.mp4
[GIN] 2018/10/23 - 21:37:48 | 200 |   2m2.327172s |             ::1 | GET      /video/name?video-id=lol.mp4
